\BOOKMARK [1][-]{section.1}{Project Overview }{}% 1
\BOOKMARK [1][-]{section.2}{Current Status}{}% 2
\BOOKMARK [1][-]{section.3}{Problems}{}% 3
\BOOKMARK [1][-]{section.4}{Weekly Reports}{}% 4
\BOOKMARK [2][-]{subsection.4.1}{Week 1}{section.4}% 5
\BOOKMARK [3][-]{subsubsection.4.1.1}{Plans}{subsection.4.1}% 6
\BOOKMARK [3][-]{subsubsection.4.1.2}{Problems}{subsection.4.1}% 7
\BOOKMARK [3][-]{subsubsection.4.1.3}{Progress}{subsection.4.1}% 8
\BOOKMARK [2][-]{subsection.4.2}{Week 2}{section.4}% 9
\BOOKMARK [3][-]{subsubsection.4.2.1}{Plans}{subsection.4.2}% 10
\BOOKMARK [3][-]{subsubsection.4.2.2}{Problems}{subsection.4.2}% 11
\BOOKMARK [3][-]{subsubsection.4.2.3}{Progress}{subsection.4.2}% 12
\BOOKMARK [2][-]{subsection.4.3}{Week 3}{section.4}% 13
\BOOKMARK [3][-]{subsubsection.4.3.1}{Plans}{subsection.4.3}% 14
\BOOKMARK [3][-]{subsubsection.4.3.2}{Problems}{subsection.4.3}% 15
\BOOKMARK [3][-]{subsubsection.4.3.3}{Progress}{subsection.4.3}% 16
\BOOKMARK [2][-]{subsection.4.4}{Week 4}{section.4}% 17
\BOOKMARK [3][-]{subsubsection.4.4.1}{Plans}{subsection.4.4}% 18
\BOOKMARK [3][-]{subsubsection.4.4.2}{Problems}{subsection.4.4}% 19
\BOOKMARK [3][-]{subsubsection.4.4.3}{Progress}{subsection.4.4}% 20
\BOOKMARK [2][-]{subsection.4.5}{Week 5}{section.4}% 21
\BOOKMARK [3][-]{subsubsection.4.5.1}{Plans}{subsection.4.5}% 22
\BOOKMARK [3][-]{subsubsection.4.5.2}{Problems}{subsection.4.5}% 23
\BOOKMARK [3][-]{subsubsection.4.5.3}{Progress}{subsection.4.5}% 24
\BOOKMARK [2][-]{subsection.4.6}{Week 6}{section.4}% 25
\BOOKMARK [3][-]{subsubsection.4.6.1}{Plans}{subsection.4.6}% 26
\BOOKMARK [3][-]{subsubsection.4.6.2}{Problems}{subsection.4.6}% 27
\BOOKMARK [3][-]{subsubsection.4.6.3}{Progress}{subsection.4.6}% 28
\BOOKMARK [2][-]{subsection.4.7}{Week 7}{section.4}% 29
\BOOKMARK [3][-]{subsubsection.4.7.1}{Plans}{subsection.4.7}% 30
\BOOKMARK [3][-]{subsubsection.4.7.2}{Problems}{subsection.4.7}% 31
\BOOKMARK [3][-]{subsubsection.4.7.3}{Progress}{subsection.4.7}% 32
\BOOKMARK [2][-]{subsection.4.8}{Week 8}{section.4}% 33
\BOOKMARK [3][-]{subsubsection.4.8.1}{Plans}{subsection.4.8}% 34
\BOOKMARK [3][-]{subsubsection.4.8.2}{Problems}{subsection.4.8}% 35
\BOOKMARK [3][-]{subsubsection.4.8.3}{Progress}{subsection.4.8}% 36
\BOOKMARK [2][-]{subsection.4.9}{Week 9}{section.4}% 37
\BOOKMARK [3][-]{subsubsection.4.9.1}{Plans}{subsection.4.9}% 38
\BOOKMARK [3][-]{subsubsection.4.9.2}{Problems}{subsection.4.9}% 39
\BOOKMARK [3][-]{subsubsection.4.9.3}{Progress}{subsection.4.9}% 40
\BOOKMARK [2][-]{subsection.4.10}{Week 10}{section.4}% 41
\BOOKMARK [3][-]{subsubsection.4.10.1}{Plans}{subsection.4.10}% 42
\BOOKMARK [3][-]{subsubsection.4.10.2}{Problems}{subsection.4.10}% 43
\BOOKMARK [3][-]{subsubsection.4.10.3}{Progress}{subsection.4.10}% 44
\BOOKMARK [1][-]{section.5}{Retrospective}{}% 45
