Log file open, 02/19/18 14:52:09
LogWindows: Failed to load 'aqProf.dll' (GetLastError=126)
LogWindows: File 'aqProf.dll' does not exist
LogWindows: Failed to load 'VSPerf140.dll' (GetLastError=126)
LogWindows: File 'VSPerf140.dll' does not exist
LogWindows: Failed to load 'VtuneApi.dll' (GetLastError=126)
LogWindows: File 'VtuneApi.dll' does not exist
LogWindows: Failed to load 'VtuneApi32e.dll' (GetLastError=126)
LogWindows: File 'VtuneApi32e.dll' does not exist
LogInit: Display: Running engine for game: ADVR
LogPlatformFile: Not using cached read wrapper
LogInit: Display: RandInit(-1081136371) SRandInit(-1081136371).
LogInit: Read version file with build ID '3709383'
LogInit: Overriding engine version to CL 3832480, compatible CL 3709383
LogInit: Registered custom module enumerator with build ID '3709383'
LogTaskGraph: Started task graph with 5 named threads and 14 total threads with 3 sets of task threads.
LogStats: Stats thread started at 0.209111
LogD3D11RHI: Aftermath initialized
LogConfig: Warning: Failed to saved backup for config[Engine]
LogConfig: Warning: Failed to saved backup for config[Input]
LogConfig: Warning: Failed to saved backup for config[Editor]
LogConfig: Warning: Failed to saved backup for config[EditorPerProjectUserSettings]
LogConfig: Warning: Failed to saved backup for config[EditorSettings]
LogConfig: Warning: Failed to saved backup for config[EditorKeyBindings]
LogModuleManager: Display: Found up-to-date module file ../../../Engine/Plugins/2D/Paper2D/Binaries/Win64/UE4Editor-Paper2D.dll (API version 3709383).
LogModuleManager: Display: Found up-to-date module file ../../../Engine/Plugins/2D/Paper2D/Binaries/Win64/UE4Editor-Paper2DEditor.dll (API version 3709383).
LogModuleManager: Display: Found up-to-date module file ../../../Engine/Plugins/2D/Paper2D/Binaries/Win64/UE4Editor-PaperSpriteSheetImporter.dll (API version 3709383).
LogModuleManager: Display: Found up-to-date module file ../../../Engine/Plugins/2D/Paper2D/Binaries/Win64/UE4Editor-PaperTiledImporter.dll (API version 3709383).
LogModuleManager: Display: Found up-to-date module file ../../../Engine/Plugins/2D/Paper2D/Binaries/Win64/UE4Editor-SmartSnapping.dll (API version 3709383).
LogModuleManager: Display: Found up-to-date module file ../../../Engine/Plugins/Blendables/LightPropagationVolume/Binaries/Win64/UE4Editor-LightPropagationVolumeRuntime.dll (API version 3709383).
LogModuleManager: Display: Found up-to-date module file ../../../Engine/Plugins/Blendables/LightPropagationVolume/Binaries/Win64/UE4Editor-LightPropagationVolumeEditor.dll (API version 3709383).
LogModuleManager: Display: Found up-to-date module file ../../../Engine/Plugins/Developer/GitSourceControl/Binaries/Win64/UE4Editor-GitSourceControl.dll (API version 3709383).
LogModuleManager: Display: Found up-to-date module file ../../../Engine/Plugins/Developer/PerforceSourceControl/Binaries/Win64/UE4Editor-PerforceSourceControl.dll (API version 3709383).
LogModuleManager: Display: Found up-to-date module file ../../../Engine/Plugins/Developer/SubversionSourceControl/Binaries/Win64/UE4Editor-SubversionSourceControl.dll (API version 3709383).
LogModuleManager: Display: Found up-to-date module file ../../../Engine/Plugins/Developer/UObjectPlugin/Binaries/Win64/UE4Editor-UObjectPlugin.dll (API version 3709383).
LogModuleManager: Display: Found up-to-date module file ../../../Engine/Plugins/Developer/VisualStudioCodeSourceCodeAccess/Binaries/Win64/UE4Editor-VisualStudioCodeSourceCodeAccess.dll (API version 3709383).
LogModuleManager: Display: Found up-to-date module file ../../../Engine/Plugins/Developer/VisualStudioSourceCodeAccess/Binaries/Win64/UE4Editor-VisualStudioSourceCodeAccess.dll (API version 3709383).
LogModuleManager: Display: Found up-to-date module file ../../../Engine/Plugins/Editor/AssetManagerEditor/Binaries/Win64/UE4Editor-AssetManagerEditor.dll (API version 3709383).
LogModuleManager: Display: Found up-to-date module file ../../../Engine/Plugins/Editor/AudioCapture/Binaries/Win64/UE4Editor-AudioCapture.dll (API version 3709383).
LogModuleManager: Display: Found up-to-date module file ../../../Engine/Plugins/Editor/FacialAnimation/Binaries/Win64/UE4Editor-FacialAnimation.dll (API version 3709383).
LogModuleManager: Display: Found up-to-date module file ../../../Engine/Plugins/Editor/FacialAnimation/Binaries/Win64/UE4Editor-FacialAnimationEditor.dll (API version 3709383).
LogModuleManager: Display: Found up-to-date module file ../../../Engine/Plugins/Editor/GameplayTagsEditor/Binaries/Win64/UE4Editor-GameplayTagsEditor.dll (API version 3709383).
LogModuleManager: Display: Found up-to-date module file ../../../Engine/Plugins/Editor/MobileLauncherProfileWizard/Binaries/Win64/UE4Editor-MobileLauncherProfileWizard.dll (API version 3709383).
LogModuleManager: Display: Found up-to-date module file ../../../Engine/Plugins/Editor/PluginBrowser/Binaries/Win64/UE4Editor-PluginBrowser.dll (API version 3709383).
LogModuleManager: Display: Found up-to-date module file ../../../Engine/Plugins/Editor/SpeedTreeImporter/Binaries/Win64/UE4Editor-SpeedTreeImporter.dll (API version 3709383).
LogModuleManager: Display: Found up-to-date module file ../../../Engine/Plugins/Experimental/AlembicImporter/Binaries/Win64/UE4Editor-AlembicImporter.dll (API version 3709383).
LogModuleManager: Display: Found up-to-date module file ../../../Engine/Plugins/Experimental/AlembicImporter/Binaries/Win64/UE4Editor-AlembicLibrary.dll (API version 3709383).
LogModuleManager: Display: Found up-to-date module file ../../../Engine/Plugins/Experimental/CharacterAI/Binaries/Win64/UE4Editor-CharacterAI.dll (API version 3709383).
LogModuleManager: Display: Found up-to-date module file ../../../Engine/Plugins/Experimental/HTML5Networking/Binaries/Win64/UE4Editor-HTML5Networking.dll (API version 3709383).
LogModuleManager: Display: Found up-to-date module file ../../../Engine/Plugins/Media/AndroidMedia/Binaries/Win64/UE4Editor-AndroidMediaEditor.dll (API version 3709383).
LogModuleManager: Display: Found up-to-date module file ../../../Engine/Plugins/Media/AndroidMedia/Binaries/Win64/UE4Editor-AndroidMediaFactory.dll (API version 3709383).
LogModuleManager: Display: Found up-to-date module file ../../../Engine/Plugins/Media/AvfMedia/Binaries/Win64/UE4Editor-AvfMediaEditor.dll (API version 3709383).
LogModuleManager: Display: Found up-to-date module file ../../../Engine/Plugins/Media/AvfMedia/Binaries/Win64/UE4Editor-AvfMediaFactory.dll (API version 3709383).
LogModuleManager: Display: Found up-to-date module file ../../../Engine/Plugins/Media/AvfMedia/Binaries/Win64/UE4Editor-AvfMediaFactory.dll (API version 3709383).
LogModuleManager: Display: Found up-to-date module file ../../../Engine/Plugins/Media/ImgMedia/Binaries/Win64/UE4Editor-ImgMedia.dll (API version 3709383).
LogModuleManager: Display: Found up-to-date module file ../../../Engine/Plugins/Media/ImgMedia/Binaries/Win64/UE4Editor-ImgMediaEditor.dll (API version 3709383).
LogModuleManager: Display: Found up-to-date module file ../../../Engine/Plugins/Media/ImgMedia/Binaries/Win64/UE4Editor-ImgMediaFactory.dll (API version 3709383).
LogModuleManager: Display: Found up-to-date module file ../../../Engine/Plugins/Media/ImgMedia/Binaries/Win64/UE4Editor-ImgMediaFactory.dll (API version 3709383).
LogModuleManager: Display: Found up-to-date module file ../../../Engine/Plugins/Media/ImgMedia/Binaries/Win64/UE4Editor-OpenExrWrapper.dll (API version 3709383).
LogModuleManager: Display: Found up-to-date module file ../../../Engine/Plugins/Media/MediaCompositing/Binaries/Win64/UE4Editor-MediaCompositing.dll (API version 3709383).
LogModuleManager: Display: Found up-to-date module file ../../../Engine/Plugins/Media/MediaCompositing/Binaries/Win64/UE4Editor-MediaCompositingEditor.dll (API version 3709383).
LogModuleManager: Display: Found up-to-date module file ../../../Engine/Plugins/Media/MediaPlayerEditor/Binaries/Win64/UE4Editor-MediaPlayerEditor.dll (API version 3709383).
LogModuleManager: Display: Found up-to-date module file ../../../Engine/Plugins/Media/WmfMedia/Binaries/Win64/UE4Editor-WmfMedia.dll (API version 3709383).
LogModuleManager: Display: Found up-to-date module file ../../../Engine/Plugins/Media/WmfMedia/Binaries/Win64/UE4Editor-WmfMediaEditor.dll (API version 3709383).
LogModuleManager: Display: Found up-to-date module file ../../../Engine/Plugins/Media/WmfMedia/Binaries/Win64/UE4Editor-WmfMediaFactory.dll (API version 3709383).
LogModuleManager: Display: Found up-to-date module file ../../../Engine/Plugins/Media/WmfMedia/Binaries/Win64/UE4Editor-WmfMediaFactory.dll (API version 3709383).
LogModuleManager: Display: Found up-to-date module file ../../../Engine/Plugins/Messaging/TcpMessaging/Binaries/Win64/UE4Editor-TcpMessaging.dll (API version 3709383).
LogModuleManager: Display: Found up-to-date module file ../../../Engine/Plugins/Messaging/UdpMessaging/Binaries/Win64/UE4Editor-UdpMessaging.dll (API version 3709383).
LogModuleManager: Display: Found up-to-date module file ../../../Engine/Plugins/MovieScene/ActorSequence/Binaries/Win64/UE4Editor-ActorSequence.dll (API version 3709383).
LogModuleManager: Display: Found up-to-date module file ../../../Engine/Plugins/MovieScene/LevelSequenceEditor/Binaries/Win64/UE4Editor-LevelSequenceEditor.dll (API version 3709383).
LogModuleManager: Display: Found up-to-date module file ../../../Engine/Plugins/MovieScene/MatineeToLevelSequence/Binaries/Win64/UE4Editor-MatineeToLevelSequence.dll (API version 3709383).
LogModuleManager: Display: Found up-to-date module file ../../../Engine/Plugins/Online/OnlineSubsystem/Binaries/Win64/UE4Editor-OnlineSubsystem.dll (API version 3709383).
LogModuleManager: Display: Found up-to-date module file ../../../Engine/Plugins/Runtime/AndroidPermission/Binaries/Win64/UE4Editor-AndroidPermission.dll (API version 3709383).
LogModuleManager: Display: Found up-to-date module file ../../../Engine/Plugins/Online/OnlineSubsystemNull/Binaries/Win64/UE4Editor-OnlineSubsystemNull.dll (API version 3709383).
LogModuleManager: Display: Found up-to-date module file ../../../Engine/Plugins/Online/OnlineSubsystemUtils/Binaries/Win64/UE4Editor-OnlineSubsystemUtils.dll (API version 3709383).
LogModuleManager: Display: Found up-to-date module file ../../../Engine/Plugins/Online/OnlineSubsystemUtils/Binaries/Win64/UE4Editor-OnlineBlueprintSupport.dll (API version 3709383).
LogModuleManager: Display: Found up-to-date module file ../../../Engine/Plugins/Runtime/AndroidDeviceProfileSelector/Binaries/Win64/UE4Editor-AndroidDeviceProfileSelector.dll (API version 3709383).
LogModuleManager: Display: Found up-to-date module file ../../../Engine/Plugins/Runtime/AppleARKit/Binaries/Win64/UE4Editor-AppleARKit.dll (API version 3709383).
LogModuleManager: Display: Found up-to-date module file ../../../Engine/Plugins/Runtime/ArchVisCharacter/Binaries/Win64/UE4Editor-ArchVisCharacter.dll (API version 3709383).
LogModuleManager: Display: Found up-to-date module file ../../../Engine/Plugins/Runtime/CableComponent/Binaries/Win64/UE4Editor-CableComponent.dll (API version 3709383).
LogModuleManager: Display: Found up-to-date module file ../../../Engine/Plugins/Runtime/CustomMeshComponent/Binaries/Win64/UE4Editor-CustomMeshComponent.dll (API version 3709383).
LogModuleManager: Display: Found up-to-date module file ../../../Engine/Plugins/Runtime/ExampleDeviceProfileSelector/Binaries/Win64/UE4Editor-ExampleDeviceProfileSelector.dll (API version 3709383).
LogModuleManager: Display: Found up-to-date module file ../../../Engine/Plugins/Runtime/ImmediatePhysics/Binaries/Win64/UE4Editor-ImmediatePhysics.dll (API version 3709383).
LogModuleManager: Display: Found up-to-date module file ../../../Engine/Plugins/Runtime/ImmediatePhysics/Binaries/Win64/UE4Editor-ImmediatePhysicsEditor.dll (API version 3709383).
LogModuleManager: Display: Found up-to-date module file ../../../Engine/Plugins/Runtime/LocationServicesBPLibrary/Binaries/Win64/UE4Editor-LocationServicesBPLibrary.dll (API version 3709383).
LogModuleManager: Display: Found up-to-date module file ../../../Engine/Plugins/Runtime/MobilePatchingUtils/Binaries/Win64/UE4Editor-MobilePatchingUtils.dll (API version 3709383).
LogModuleManager: Display: Found up-to-date module file ../../../Engine/Plugins/Runtime/Oculus/OculusVR/Binaries/Win64/UE4Editor-OculusHMD.dll (API version 3709383).
LogModuleManager: Display: Found up-to-date module file ../../../Engine/Plugins/Runtime/Oculus/OculusVR/Binaries/Win64/UE4Editor-OculusInput.dll (API version 3709383).
LogModuleManager: Display: Found up-to-date module file ../../../Engine/Plugins/Runtime/Oculus/OculusVR/Binaries/Win64/UE4Editor-OculusEditor.dll (API version 3709383).
LogModuleManager: Display: Found up-to-date module file ../../../Engine/Plugins/Runtime/PhysXVehicles/Binaries/Win64/UE4Editor-PhysXVehicles.dll (API version 3709383).
LogModuleManager: Display: Found up-to-date module file ../../../Engine/Plugins/Runtime/PhysXVehicles/Binaries/Win64/UE4Editor-PhysXVehiclesEditor.dll (API version 3709383).
LogModuleManager: Display: Found up-to-date module file ../../../Engine/Plugins/Runtime/ProceduralMeshComponent/Binaries/Win64/UE4Editor-ProceduralMeshComponent.dll (API version 3709383).
LogModuleManager: Display: Found up-to-date module file ../../../Engine/Plugins/Runtime/ProceduralMeshComponent/Binaries/Win64/UE4Editor-ProceduralMeshComponentEditor.dll (API version 3709383).
LogModuleManager: Display: Found up-to-date module file ../../../Engine/Plugins/Runtime/RuntimePhysXCooking/Binaries/Win64/UE4Editor-RuntimePhysXCooking.dll (API version 3709383).
LogModuleManager: Display: Found up-to-date module file ../../../Engine/Plugins/Runtime/Steam/SteamVR/Binaries/Win64/UE4Editor-SteamVR.dll (API version 3709383).
LogModuleManager: Display: Found up-to-date module file ../../../Engine/Plugins/Runtime/Steam/SteamVR/Binaries/Win64/UE4Editor-SteamVRController.dll (API version 3709383).
LogModuleManager: Display: Found up-to-date module file ../../../Engine/Plugins/Runtime/WindowsMoviePlayer/Binaries/Win64/UE4Editor-WindowsMoviePlayer.dll (API version 3709383).
LogPluginManager: Mounting plugin Paper2D
LogPluginManager: Mounting plugin LightPropagationVolume
LogPluginManager: Mounting plugin CodeLiteSourceCodeAccess
LogPluginManager: Mounting plugin GitSourceControl
LogPluginManager: Mounting plugin KDevelopSourceCodeAccess
LogPluginManager: Mounting plugin NullSourceCodeAccess
LogPluginManager: Mounting plugin PerforceSourceControl
LogPluginManager: Mounting plugin SubversionSourceControl
LogPluginManager: Mounting plugin UObjectPlugin
LogPluginManager: Mounting plugin VisualStudioCodeSourceCodeAccess
LogPluginManager: Mounting plugin VisualStudioSourceCodeAccess
LogPluginManager: Mounting plugin XCodeSourceCodeAccess
LogPluginManager: Mounting plugin AssetManagerEditor
LogPluginManager: Mounting plugin AudioCapture
LogPluginManager: Mounting plugin FacialAnimation
LogPluginManager: Mounting plugin GameplayTagsEditor
LogPluginManager: Mounting plugin MobileLauncherProfileWizard
LogPluginManager: Mounting plugin PluginBrowser
LogPluginManager: Mounting plugin SpeedTreeImporter
LogPluginManager: Mounting plugin AlembicImporter
LogPluginManager: Mounting plugin CharacterAI
LogPluginManager: Mounting plugin HTML5Networking
LogPluginManager: Mounting plugin AndroidMedia
LogPluginManager: Mounting plugin AvfMedia
LogPluginManager: Mounting plugin ImgMedia
LogPluginManager: Mounting plugin MediaCompositing
LogPluginManager: Mounting plugin MediaPlayerEditor
LogPluginManager: Mounting plugin WmfMedia
LogPluginManager: Mounting plugin TcpMessaging
LogPluginManager: Mounting plugin UdpMessaging
LogPluginManager: Mounting plugin ActorSequence
LogPluginManager: Mounting plugin LevelSequenceEditor
LogPluginManager: Mounting plugin MatineeToLevelSequence
LogPluginManager: Mounting plugin OnlineSubsystemGooglePlay
LogPluginManager: Mounting plugin OnlineSubsystemIOS
LogPluginManager: Mounting plugin OnlineSubsystem
LogPluginManager: Mounting plugin OnlineSubsystemNull
LogPluginManager: Mounting plugin OnlineSubsystemUtils
LogPluginManager: Mounting plugin AndroidDeviceProfileSelector
LogPluginManager: Mounting plugin AndroidMoviePlayer
LogPluginManager: Mounting plugin AndroidPermission
LogPluginManager: Mounting plugin AppleARKit
LogPluginManager: Mounting plugin AppleMoviePlayer
LogPluginManager: Mounting plugin ArchVisCharacter
LogPluginManager: Mounting plugin CableComponent
LogPluginManager: Mounting plugin CustomMeshComponent
LogPluginManager: Mounting plugin ExampleDeviceProfileSelector
LogPluginManager: Mounting plugin GoogleCloudMessaging
LogPluginManager: Mounting plugin ImmediatePhysics
LogPluginManager: Mounting plugin IOSDeviceProfileSelector
LogPluginManager: Mounting plugin LinuxDeviceProfileSelector
LogPluginManager: Mounting plugin LocationServicesBPLibrary
LogPluginManager: Mounting plugin MobilePatchingUtils
LogPluginManager: Mounting plugin OculusVR
LogPluginManager: Plugin shader directory ../../../Engine/Plugins/Runtime/Oculus/OculusVR/Shaders found
LogPluginManager: Mapping shader source directory ../../../Engine/Plugins/Runtime/Oculus/OculusVR/Shaders to virtual directory /Plugin/OculusVR
LogPluginManager: Mounting plugin PhysXVehicles
LogPluginManager: Mounting plugin ProceduralMeshComponent
LogPluginManager: Mounting plugin RuntimePhysXCooking
LogPluginManager: Mounting plugin SteamVR
LogPluginManager: Mounting plugin WindowsMoviePlayer
LogInit: Using libcurl 7.47.1
LogInit:  - built for x86_64-pc-win32
LogInit:  - supports SSL with OpenSSL/1.0.2g
LogInit:  - supports HTTP deflate (compression) using libz 1.2.8
LogInit:  - other features:
LogInit:      CURL_VERSION_SSL
LogInit:      CURL_VERSION_LIBZ
LogInit:      CURL_VERSION_IPV6
LogInit:      CURL_VERSION_ASYNCHDNS
LogInit:      CURL_VERSION_LARGEFILE
LogInit:      CURL_VERSION_IDN
LogInit:  CurlRequestOptions (configurable via config and command line):
LogInit:  - bVerifyPeer = false  - Libcurl will NOT verify peer certificate
LogInit:  - bUseHttpProxy = false  - Libcurl will NOT use HTTP proxy
LogInit:  - bDontReuseConnections = false  - Libcurl will reuse connections
LogInit:  - CertBundlePath = nullptr  - Libcurl will use whatever was configured at build time.
LogInit: Build: ++UE4+Release-4.18-CL-3832480
LogInit: Engine Version: 4.18.3-3832480+++UE4+Release-4.18
LogInit: Compatible Engine Version: 4.18.0-3709383+++UE4+Release-4.18
LogInit: Net CL: 3709383
LogDevObjectVersion: Number of dev versions registered: 16
LogDevObjectVersion:   Dev-Blueprints (B0D832E4-1F89-4F0D-ACCF-7EB736FD4AA2): 10
LogDevObjectVersion:   Dev-Build (E1C64328-A22C-4D53-A36C-8E866417BD8C): 0
LogDevObjectVersion:   Dev-Core (375EC13C-06E4-48FB-B500-84F0262A717E): 2
LogDevObjectVersion:   Dev-Editor (E4B068ED-F494-42E9-A231-DA0B2E46BB41): 20
LogDevObjectVersion:   Dev-Framework (CFFC743F-43B0-4480-9391-14DF171D2073): 30
LogDevObjectVersion:   Dev-Mobile (B02B49B5-BB20-44E9-A304-32B752E40360): 0
LogDevObjectVersion:   Dev-Networking (A4E4105C-59A1-49B5-A7C5-40C4547EDFEE): 0
LogDevObjectVersion:   Dev-Online (39C831C9-5AE6-47DC-9A44-9C173E1C8E7C): 0
LogDevObjectVersion:   Dev-Physics (78F01B33-EBEA-4F98-B9B4-84EACCB95AA2): 0
LogDevObjectVersion:   Dev-Platform (6631380F-2D4D-43E0-8009-CF276956A95A): 0
LogDevObjectVersion:   Dev-Rendering (12F88B9F-8875-4AFC-A67C-D90C383ABD29): 20
LogDevObjectVersion:   Dev-Sequencer (7B5AE74C-D270-4C10-A958-57980B212A5A): 4
LogDevObjectVersion:   Dev-VR (D7296918-1DD6-4BDD-9DE2-64A83CC13884): 0
LogDevObjectVersion:   Dev-LoadTimes (C2A15278-BFE7-4AFE-6C17-90FF531DF755): 1
LogDevObjectVersion:   Private-Geometry (6EACA3D4-40EC-4CC1-B786-8BED09428FC5): 1
LogDevObjectVersion:   Dev-AnimPhys (29E575DD-E0A3-4627-9D10-D276232CDCEA): 12
LogInit: Compiled (64-bit): Jan 12 2018 02:04:55
LogInit: Compiled with Visual C++: 19.00.24215.01
LogInit: Build Configuration: Development
LogInit: Branch Name: ++UE4+Release-4.18
LogInit: Command line:  
LogInit: Base directory: C:/Program Files/Epic Games/UE_4.18/Engine/Binaries/Win64/
LogInit: Installed Engine Build: 1
LogInit: Presizing for max 8388607 objects, including 0 objects not considered by GC, pre-allocating 0 bytes for permanent pool.
LogInit: Object subsystem initialized
[2018.02.19-22.52.12:922][  0]LogInit: Selected Device Profile: [Windows]
[2018.02.19-22.52.12:922][  0]LogInit: Applying CVar settings loaded from the selected device profile: [Windows]
[2018.02.19-22.52.13:154][  0]LogConfig: Warning: Failed to saved backup for config[DeviceProfiles]
[2018.02.19-22.52.13:202][  0]LogInit: Computer: MITCH-SPIRON
[2018.02.19-22.52.13:202][  0]LogInit: User: monic
[2018.02.19-22.52.13:202][  0]LogInit: CPU Page size=4096, Cores=4
[2018.02.19-22.52.13:202][  0]LogInit: High frequency timer resolution =2.437500 MHz
[2018.02.19-22.52.13:202][  0]LogMemory: Memory total: Physical=7.9GB (8GB approx)
[2018.02.19-22.52.13:202][  0]LogMemory: Platform Memory Stats for Windows
[2018.02.19-22.52.13:202][  0]LogMemory: Process Physical Memory: 275.19 MB used, 275.19 MB peak
[2018.02.19-22.52.13:202][  0]LogMemory: Process Virtual Memory: 271.66 MB used, 271.66 MB peak
[2018.02.19-22.52.13:202][  0]LogMemory: Physical Memory: 7822.25 MB used,  236.21 MB free, 8058.46 MB total
[2018.02.19-22.52.13:202][  0]LogMemory: Virtual Memory: 683.92 MB used,  236.21 MB free, 134217728.00 MB total
[2018.02.19-22.52.14:085][  0]LogInit: Using OS detected language (en-US).
[2018.02.19-22.52.14:086][  0]LogInit: Using OS detected locale (en-US).
[2018.02.19-22.52.14:287][  0]LogTextLocalizationManager: No specific localization for 'en-US' exists, so the 'en' localization will be used.
[2018.02.19-22.52.15:624][  0]LogInit: Setting process to per monitor DPI aware
[2018.02.19-22.52.18:364][  0]LogD3D11RHI: D3D11 adapters:
[2018.02.19-22.52.18:506][  0]LogD3D11RHI:    0. 'NVIDIA GeForce GTX 1050' (Feature Level 11_0)
[2018.02.19-22.52.18:506][  0]LogD3D11RHI:       4019/0/4029 MB DedicatedVideo/DedicatedSystem/SharedSystem, Outputs:1, VendorId:0x10de
[2018.02.19-22.52.18:527][  0]LogD3D11RHI:    1. 'Intel(R) HD Graphics 630' (Feature Level 11_0)
[2018.02.19-22.52.18:527][  0]LogD3D11RHI:       128/0/4029 MB DedicatedVideo/DedicatedSystem/SharedSystem, Outputs:0, VendorId:0x8086
[2018.02.19-22.52.18:530][  0]LogD3D11RHI:    2. 'Microsoft Basic Render Driver' (Feature Level 11_0)
[2018.02.19-22.52.18:530][  0]LogD3D11RHI:       0/0/4029 MB DedicatedVideo/DedicatedSystem/SharedSystem, Outputs:0, VendorId:0x1414
[2018.02.19-22.52.18:530][  0]LogD3D11RHI: Chosen D3D11 Adapter: 0
[2018.02.19-22.52.18:541][  0]LogD3D11RHI: Creating new Direct3DDevice
[2018.02.19-22.52.18:541][  0]LogD3D11RHI:     GPU DeviceId: 0x1c8d (for the marketing name, search the web for "GPU Device Id")
[2018.02.19-22.52.18:541][  0]LogWindows: EnumDisplayDevices:
[2018.02.19-22.52.18:541][  0]LogWindows:    0. 'Intel(R) HD Graphics 630' (P:1 D:1)
[2018.02.19-22.52.18:541][  0]LogWindows:    1. 'Intel(R) HD Graphics 630' (P:0 D:0)
[2018.02.19-22.52.18:542][  0]LogWindows:    2. 'Intel(R) HD Graphics 630' (P:0 D:0)
[2018.02.19-22.52.18:542][  0]LogWindows:    3. 'NVIDIA GeForce GTX 1050' (P:0 D:0)
[2018.02.19-22.52.18:542][  0]LogWindows: DebugString: GetVideoDriverDetailsInvalid PrimaryIsNotTheChoosenAdapter GetVideoDriverDetailsInvalid PrimaryIsNotTheChoosenAdapter GetVideoDriverDetailsInvalid PrimaryIsNotTheChoosenAdapter GetVideoDriverDetailsInvalid PrimaryIsNotTheChoosenAdapter FoundDriverCount:0 
[2018.02.19-22.52.18:542][  0]LogD3D11RHI:     Adapter Name: NVIDIA GeForce GTX 1050
[2018.02.19-22.52.18:542][  0]LogD3D11RHI:   Driver Version: Unknown (internal:Unknown, unified:Unknown)
[2018.02.19-22.52.18:542][  0]LogD3D11RHI:      Driver Date: Unknown
[2018.02.19-22.52.18:542][  0]LogRHI: Texture pool is 2813 MB (70% of 4019 MB)
[2018.02.19-22.52.18:595][  0]LogD3D11RHI: Async texture creation enabled
[2018.02.19-22.52.18:693][  0]LogD3D11RHI: GPU Timing Frequency: 1000.000000 (Debug: 2 5)
[2018.02.19-22.52.18:694][  0]LogShaderCompilers: Guid format shader working directory is -24 characters bigger than the processId version (../../../../../../Users/monic/OneDrive/Documents/Unreal Projects/ADVR/Intermediate/Shaders/WorkingDirectory/18784/).
[2018.02.19-22.52.18:694][  0]LogShaderCompilers: Cleaned the shader compiler working directory 'C:/Users/monic/AppData/Local/Temp/UnrealShaderWorkingDir/55D186394B61372F6DCBC2A1C7DB43CB/'.
[2018.02.19-22.52.18:694][  0]LogShaderCompilers: Display: Using Local Shader Compiler.
[2018.02.19-22.52.30:068][  0]LogTemp: Display: Loaded TP AllDesktopTargetPlatform
[2018.02.19-22.52.30:237][  0]LogTemp: Display: Loaded TP MacClientTargetPlatform
[2018.02.19-22.52.30:320][  0]LogTemp: Display: Loaded TP MacNoEditorTargetPlatform
[2018.02.19-22.52.30:406][  0]LogTemp: Display: Loaded TP MacServerTargetPlatform
[2018.02.19-22.52.30:486][  0]LogTemp: Display: Loaded TP MacTargetPlatform
[2018.02.19-22.52.30:587][  0]LogTemp: Display: Loaded TP WindowsClientTargetPlatform
[2018.02.19-22.52.30:700][  0]LogTemp: Display: Loaded TP WindowsNoEditorTargetPlatform
[2018.02.19-22.52.30:800][  0]LogTemp: Display: Loaded TP WindowsServerTargetPlatform
[2018.02.19-22.52.30:889][  0]LogTemp: Display: Loaded TP WindowsTargetPlatform
[2018.02.19-22.52.31:006][  0]LogTemp: Display: Loaded TP Android_ASTCTargetPlatform
[2018.02.19-22.52.31:132][  0]LogTemp: Display: Loaded TP Android_ATCTargetPlatform
[2018.02.19-22.52.31:225][  0]LogTemp: Display: Loaded TP Android_DXTTargetPlatform
[2018.02.19-22.52.31:346][  0]LogTemp: Display: Loaded TP Android_ETC1TargetPlatform
[2018.02.19-22.52.31:458][  0]LogTemp: Display: Loaded TP Android_ETC2TargetPlatform
[2018.02.19-22.52.31:785][  0]LogTemp: Display: Loaded TP Android_MultiTargetPlatform
[2018.02.19-22.52.31:785][  0]LogTemp: Display: Loaded TP Android_PVRTCTargetPlatform
[2018.02.19-22.52.31:916][  0]LogTemp: Display: Loaded TP AndroidTargetPlatform
[2018.02.19-22.52.32:077][  0]LogTemp: Display: Loaded TP HTML5TargetPlatform
[2018.02.19-22.52.32:288][  0]LogTemp: Display: Loaded TP IOSTargetPlatform
[2018.02.19-22.52.32:331][  0]LogTemp: Display: Loaded TP TVOSTargetPlatform
[2018.02.19-22.52.32:439][  0]LogTemp: Display: Loaded TP LinuxClientTargetPlatform
[2018.02.19-22.52.32:522][  0]LogTemp: Display: Loaded TP LinuxNoEditorTargetPlatform
[2018.02.19-22.52.32:643][  0]LogTemp: Display: Loaded TP LinuxServerTargetPlatform
[2018.02.19-22.52.32:738][  0]LogTemp: Display: Loaded TP LinuxTargetPlatform
[2018.02.19-22.52.32:738][  0]LogTargetPlatformManager: Display: Building Assets For Windows
[2018.02.19-22.52.33:635][  0]LogDerivedDataCache: Display: Max Cache Size: 512 MB
[2018.02.19-22.52.35:581][  0]LogDerivedDataCache: Loaded boot cache 1.95s 78MB C:/Users/monic/AppData/Local/UnrealEngine/4.18/DerivedDataCache/Boot.ddc.
[2018.02.19-22.52.35:581][  0]LogDerivedDataCache: Display: Loaded Boot cache: C:/Users/monic/AppData/Local/UnrealEngine/4.18/DerivedDataCache/Boot.ddc
[2018.02.19-22.52.35:582][  0]LogDerivedDataCache: FDerivedDataBackendGraph:  Pak pak cache file ../../../../../../Users/monic/OneDrive/Documents/Unreal Projects/ADVR/DerivedDataCache/DDC.ddp not found, will not use a pak cache.
[2018.02.19-22.52.35:582][  0]LogDerivedDataCache: Unable to find inner node Pak for hierarchical cache Hierarchy.
[2018.02.19-22.52.35:582][  0]LogDerivedDataCache: FDerivedDataBackendGraph:  CompressedPak pak cache file ../../../../../../Users/monic/OneDrive/Documents/Unreal Projects/ADVR/DerivedDataCache/Compressed.ddp not found, will not use a pak cache.
[2018.02.19-22.52.35:582][  0]LogDerivedDataCache: Unable to find inner node CompressedPak for hierarchical cache Hierarchy.
[2018.02.19-22.52.35:599][  0]LogDerivedDataCache: Display: Pak cache opened for reading ../../../Engine/DerivedDataCache/Compressed.ddp.
[2018.02.19-22.52.35:611][  0]LogDerivedDataCache: Using Local data cache path C:/Users/monic/AppData/Local/UnrealEngine/Common/DerivedDataCache: Writable
[2018.02.19-22.52.35:623][  0]LogMaterial: Verifying Global Shaders for PCD3D_SM5
[2018.02.19-22.52.35:624][  0]LogSlate: Using Freetype 2.6.0
[2018.02.19-22.52.35:641][  0]LogSlate: SlateFontCache - WITH_FREETYPE: 1, WITH_HARFBUZZ: 1
[2018.02.19-22.52.35:641][  0]LogSlate: SlateFontCache - WITH_FREETYPE: 1, WITH_HARFBUZZ: 1
[2018.02.19-22.52.37:753][  0]LogInit: Selected Device Profile: [Windows]
[2018.02.19-22.52.38:646][  0]LogSimplygon: Simplygon DLL not present - disabling.
[2018.02.19-22.52.38:726][  0]LogMeshReduction: Using SimplygonSwarm for distributed automatic mesh merging
[2018.02.19-22.52.38:726][  0]LogMeshReduction: Using QuadricMeshReduction for automatic static mesh reduction
[2018.02.19-22.52.38:726][  0]LogMeshReduction: No automatic skeletal mesh reduction module available
[2018.02.19-22.52.38:726][  0]LogMeshReduction: No automatic mesh merging module available
[2018.02.19-22.52.38:726][  0]LogMeshMerging: No automatic mesh merging module available
[2018.02.19-22.52.38:768][  0]LogNetVersion: ADVR , NetCL: 3709383, EngineNetVer: 2, GameNetVer: 0 (Checksum: 1597895827)
[2018.02.19-22.52.39:020][  0]LogAssetRegistry: FAssetRegistry took 0.0270 seconds to start up
[2018.02.19-22.52.40:228][  0]LogFileManager: Warning: MoveFile was unable to move '../../../../../../Users/monic/OneDrive/Documents/Unreal Projects/ADVR/Intermediate/CachedAssetRegistry.bin.tmp' to '../../../../../../Users/monic/OneDrive/Documents/Unreal Projects/ADVR/Intermediate/CachedAssetRegistry.bin', retrying in .5s...
[2018.02.19-22.52.40:228][  0]LogPackageLocalizationCache: Processed 7 localized package path(s) for 2 prioritized culture(s) in 0.230697 seconds
[2018.02.19-22.52.40:239][  0]LogUObjectArray: 35870 objects as part of root set at end of initial load.
[2018.02.19-22.52.40:239][  0]LogUObjectAllocator: 7363704 out of 0 bytes used by permanent object pool.
[2018.02.19-22.52.40:239][  0]LogUObjectArray: CloseDisregardForGC: 0/0 objects in disregard for GC pool
[2018.02.19-22.52.40:357][  0]LogInit: WinSock: version 1.1 (2.2), MaxSocks=32767, MaxUdp=65467
[2018.02.19-22.53.30:512][  0]LogFileManager: Warning: MoveFile was unable to move '../../../../../../Users/monic/OneDrive/Documents/Unreal Projects/ADVR/Intermediate/CachedAssetRegistry.bin.tmp' to '../../../../../../Users/monic/OneDrive/Documents/Unreal Projects/ADVR/Intermediate/CachedAssetRegistry.bin', retrying in .5s...
[2018.02.19-22.53.30:512][  0]LogFileManager: Warning: MoveFile was unable to move '../../../../../../Users/monic/OneDrive/Documents/Unreal Projects/ADVR/Intermediate/CachedAssetRegistry.bin.tmp' to '../../../../../../Users/monic/OneDrive/Documents/Unreal Projects/ADVR/Intermediate/CachedAssetRegistry.bin', retrying in .5s...
[2018.02.19-22.53.30:512][  0]LogFileManager: Warning: MoveFile was unable to move '../../../../../../Users/monic/OneDrive/Documents/Unreal Projects/ADVR/Intermediate/CachedAssetRegistry.bin.tmp' to '../../../../../../Users/monic/OneDrive/Documents/Unreal Projects/ADVR/Intermediate/CachedAssetRegistry.bin', retrying in .5s...
[2018.02.19-22.53.30:512][  0]LogFileManager: Warning: MoveFile was unable to move '../../../../../../Users/monic/OneDrive/Documents/Unreal Projects/ADVR/Intermediate/CachedAssetRegistry.bin.tmp' to '../../../../../../Users/monic/OneDrive/Documents/Unreal Projects/ADVR/Intermediate/CachedAssetRegistry.bin', retrying in .5s...
[2018.02.19-22.53.30:512][  0]LogFileManager: Warning: MoveFile was unable to move '../../../../../../Users/monic/OneDrive/Documents/Unreal Projects/ADVR/Intermediate/CachedAssetRegistry.bin.tmp' to '../../../../../../Users/monic/OneDrive/Documents/Unreal Projects/ADVR/Intermediate/CachedAssetRegistry.bin', retrying in .5s...
[2018.02.19-22.53.30:512][  0]LogFileManager: Warning: MoveFile was unable to move '../../../../../../Users/monic/OneDrive/Documents/Unreal Projects/ADVR/Intermediate/CachedAssetRegistry.bin.tmp' to '../../../../../../Users/monic/OneDrive/Documents/Unreal Projects/ADVR/Intermediate/CachedAssetRegistry.bin', retrying in .5s...
[2018.02.19-22.53.30:512][  0]LogFileManager: Warning: MoveFile was unable to move '../../../../../../Users/monic/OneDrive/Documents/Unreal Projects/ADVR/Intermediate/CachedAssetRegistry.bin.tmp' to '../../../../../../Users/monic/OneDrive/Documents/Unreal Projects/ADVR/Intermediate/CachedAssetRegistry.bin', retrying in .5s...
[2018.02.19-22.53.30:512][  0]LogFileManager: Warning: MoveFile was unable to move '../../../../../../Users/monic/OneDrive/Documents/Unreal Projects/ADVR/Intermediate/CachedAssetRegistry.bin.tmp' to '../../../../../../Users/monic/OneDrive/Documents/Unreal Projects/ADVR/Intermediate/CachedAssetRegistry.bin', retrying in .5s...
[2018.02.19-22.53.30:512][  0]LogFileManager: Warning: MoveFile was unable to move '../../../../../../Users/monic/OneDrive/Documents/Unreal Projects/ADVR/Intermediate/CachedAssetRegistry.bin.tmp' to '../../../../../../Users/monic/OneDrive/Documents/Unreal Projects/ADVR/Intermediate/CachedAssetRegistry.bin', retrying in .5s...
[2018.02.19-22.53.30:512][  0]LogFileManager: Error: Error moving file '../../../../../../Users/monic/OneDrive/Documents/Unreal Projects/ADVR/Intermediate/CachedAssetRegistry.bin.tmp' to '../../../../../../Users/monic/OneDrive/Documents/Unreal Projects/ADVR/Intermediate/CachedAssetRegistry.bin'.
[2018.02.19-22.53.32:824][  0]LogTcpMessaging: Initializing TcpMessaging bridge
[2018.02.19-22.53.32:945][  0]LogUdpMessaging: Initializing bridge on interface 0.0.0.0:0 to multicast group 230.0.0.1:6666.
[2018.02.19-22.53.35:921][  0]LogMaterial: Uniform references updated for custom material expression Custom.
[2018.02.19-22.53.38:015][  0]SourceControl: Source control is disabled
[2018.02.19-22.53.38:019][  0]SourceControl: Source control is disabled
[2018.02.19-22.53.38:205][  0]SourceControl: Source control is disabled
[2018.02.19-22.53.38:353][  0]SourceControl: Source control is disabled
[2018.02.19-22.53.41:658][  0]LogAndroidPermission: UAndroidPermissionCallbackProxy::GetInstance
[2018.02.19-22.53.42:499][  0]LogOcInput: OculusInput pre-init called
[2018.02.19-22.53.44:219][  0]LogEngine: Initializing Engine...
[2018.02.19-22.53.44:361][  0]LogHMD: Failed to initialize OpenVR with code 110
[2018.02.19-22.53.49:292][  0]LogStats: UGameplayTagsManager::ConstructGameplayTagTree: Construct from data asset -  0.000 s
[2018.02.19-22.53.49:293][  0]LogStats: UGameplayTagsManager::ConstructGameplayTagTree: GameplayTagTreeChangedEvent.Broadcast -  0.000 s
[2018.02.19-22.53.52:642][  0]LogAIModule: Creating AISystem for world Untitled
[2018.02.19-22.53.53:060][  0]LogInit: XAudio2 using 'Speakers / Headphones (Realtek Audio)' : 2 channels at 48 kHz using 32 bits per sample (channel mask 0x3)
[2018.02.19-22.53.57:798][  0]LogInit: FAudioDevice initialized.
[2018.02.19-22.53.58:045][  0]LogDerivedDataCache: Error: Could not save memory cache C:/Users/monic/AppData/Local/UnrealEngine/4.18/DerivedDataCache/Boot.ddc.
[2018.02.19-22.54.03:353][  0]LogInit: Texture streaming: Enabled
[2018.02.19-22.54.04:008][  0]LogEngineSessionManager: EngineSessionManager initialized
[2018.02.19-22.54.05:956][  0]LogInit: Transaction tracking system initialized
[2018.02.19-22.54.08:349][  0]BlueprintLog: New page: Editor Load
[2018.02.19-22.54.15:550][  0]LocalizationService: Localization service is disabled
[2018.02.19-22.54.20:111][  0]LogConsoleResponse: Display: 
[2018.02.19-22.54.23:559][  0]LogFileCache: Scanning file cache for directory 'C:/Users/monic/OneDrive/Documents/Unreal Projects/ADVR/Content/' took 0.05s
[2018.02.19-22.54.23:560][  0]LogCook: Display: Max memory allowance for cook 16384mb min free memory 0mb
[2018.02.19-22.54.23:560][  0]LogCook: Display: Mobile HDR setting 1
[2018.02.19-22.54.23:560][  0]LogGameplayTags: Display: UGameplayTagsManager::DoneAddingNativeTags. DelegateIsBound: 0
[2018.02.19-22.54.30:627][  0]SourceControl: Source control is disabled
[2018.02.19-22.54.30:675][  0]Cmd: MAP LOAD FILE="../../../../../../Users/monic/OneDrive/Documents/Unreal Projects/ADVR/Content/StarterContent/Maps/Minimal_Default.umap" TEMPLATE=0 SHOWPROGRESS=1 FEATURELEVEL=3
[2018.02.19-22.54.30:795][  0]LightingResults: New page: Lighting Build
[2018.02.19-22.54.31:365][  0]MapCheck: New page: Map Check
[2018.02.19-22.54.31:365][  0]LightingResults: New page: Lighting Build
[2018.02.19-22.54.38:539][  0]LogAIModule: Creating AISystem for world Minimal_Default
[2018.02.19-22.54.38:552][  0]LogEditorServer: Finished looking for orphan Actors (0.000 secs)
[2018.02.19-22.54.39:330][  0]Cmd: MAP CHECKDEP NOCLEARLOG
[2018.02.19-22.54.39:407][  0]MapCheck: Map check complete: 0 Error(s), 0 Warning(s), took 77.023ms to complete.
[2018.02.19-22.54.39:407][  0]LogFileHelpers: Loading map 'Minimal_Default' took 8.752
[2018.02.19-22.54.49:760][  0]LogCollectionManager: Loaded 0 collections in 0.002859 seconds
[2018.02.19-22.54.50:117][  0]LogFileCache: Scanning file cache for directory 'C:/Users/monic/OneDrive/Documents/Unreal Projects/ADVR/Saved/Collections/' took 0.01s
[2018.02.19-22.54.50:117][  0]LogFileCache: Scanning file cache for directory 'C:/Users/monic/OneDrive/Documents/Unreal Projects/ADVR/Content/Developers/monic/Collections/' took 0.01s
[2018.02.19-22.54.50:117][  0]LogFileCache: Scanning file cache for directory 'C:/Users/monic/OneDrive/Documents/Unreal Projects/ADVR/Content/Collections/' took 0.01s
[2018.02.19-22.54.50:117][  0]LogCollectionManager: Rebuilt the GUID cache for 0 collections in 0.000000 seconds
[2018.02.19-22.54.50:134][  0]LogContentBrowser: Native class hierarchy populated in 0.0156 seconds. Added 2363 classes and 519 folders.
[2018.02.19-22.54.50:396][  0]LogContentBrowser: Native class hierarchy updated for 'WidgetCarousel' in 0.0003 seconds. Added 0 classes and 0 folders.
[2018.02.19-22.55.03:051][  0]LogContentBrowser: Native class hierarchy updated for 'AddContentDialog' in 0.0003 seconds. Added 0 classes and 0 folders.
[2018.02.19-22.55.03:455][  0]LogContentBrowser: Native class hierarchy updated for 'SceneOutliner' in 0.0003 seconds. Added 1 classes and 2 folders.
[2018.02.19-22.55.04:415][  0]LogSlate: Took 0.000416 seconds to synchronously load lazily loaded font '../../../Engine/Content/Slate/Fonts/Roboto-Regular.ttf' (155K)
[2018.02.19-22.55.04:418][  0]LogSlate: Took 0.000291 seconds to synchronously load lazily loaded font '../../../Engine/Content/Slate/Fonts/Roboto-Bold.ttf' (160K)
[2018.02.19-22.55.04:513][  0]LogSlate: Took 0.058736 seconds to synchronously load lazily loaded font '../../../Engine/Content/Editor/Slate/Fonts/FontAwesome.ttf' (139K)
[2018.02.19-22.55.05:453][  0]LogRenderer: Reallocating scene render targets to support 1016x488 Format 10 NumSamples 1 (Frame:1).
[2018.02.19-22.55.06:249][  0]LogContentBrowser: Native class hierarchy updated for 'HierarchicalLODOutliner' in 0.0002 seconds. Added 1 classes and 2 folders.
[2018.02.19-22.55.06:249][  0]LogLoad: (Engine Initialization) Total time: 182.33 seconds
[2018.02.19-22.55.06:249][  0]LogLoad: (Engine Initialization) Total Blueprint compile time: 0.00 seconds
[2018.02.19-22.55.06:286][  0]LogExternalProfiler: No external profilers were discovered.  External profiling features will not be available.
[2018.02.19-22.55.07:089][  0]LogContentStreaming: Texture pool size now 1000 MB
[2018.02.19-22.55.07:966][  0]LogSlate: Took 0.198395 seconds to synchronously load lazily loaded font '../../../Engine/Content/Slate/Fonts/Roboto-Light.ttf' (159K)
[2018.02.19-22.55.09:969][  2]LogAssetRegistry: Asset discovery search completed in 150.9708 seconds
[2018.02.19-22.55.09:971][  2]LogCollectionManager: Rebuilt the object cache for 0 collections in 0.000000 seconds (found 0 objects)
[2018.02.19-22.55.09:971][  2]LogCollectionManager: Fixed up redirectors for 0 collections in 0.000059 seconds (updated 0 objects)
[2018.02.19-23.21.52:215][314]LogSlate: Took 0.021936 seconds to synchronously load lazily loaded font '../../../Engine/Content/Slate/Fonts/Roboto-Light.ttf' (159K)
[2018.02.19-23.21.52:979][314]LogSlate: Took 0.025845 seconds to synchronously load lazily loaded font '../../../Engine/Content/Editor/Slate/Fonts/Roboto-BoldCondensed.ttf' (158K)
[2018.02.19-23.22.03:445][604]LogSlate: Took 0.000247 seconds to synchronously load lazily loaded font '../../../Engine/Content/Slate/Fonts/Roboto-Light.ttf' (159K)
[2018.02.20-00.21.44:894][ 10]LogEditorViewport: Clicking on Actor (LMB): StaticMeshActor (Cube3)
[2018.02.20-00.21.53:968][ 22]LogEditorViewport: Clicking on Actor (LMB): StaticMeshActor (Cube3)
[2018.02.20-00.21.56:176][184]LogEditorViewport: Clicking on Actor (LMB): PipeSplineMesh_C (PipeSplineMesh3)
[2018.02.20-00.22.00:566][494]LogEditorViewport: Clicking on Actor (LMB): PipeSplineMesh_C (PipeSplineMesh)
[2018.02.20-00.22.01:833][601]LogEditorViewport: Clicking on Actor (LMB): PipeSplineMesh_C (PipeSplineMesh4)
[2018.02.20-00.22.02:913][698]LogEditorViewport: Clicking on Actor (LMB): PipeSplineMesh_C (PipeSplineMesh2)
[2018.02.20-00.22.04:180][814]LogEditorViewport: Clicking on Actor (LMB): PipeSplineMesh_C (PipeSplineMesh4)
[2018.02.20-00.22.16:269][882]LogEditorViewport: Clicking on Actor (LMB): PipeSplineMesh_C (PipeSplineMesh3)
[2018.02.20-00.22.28:121][983]LogEditorViewport: Clicking on Actor (LMB): SkyLight (SkyLight)
[2018.02.20-00.22.29:611][ 76]Cmd: DELETE
[2018.02.20-00.22.29:611][ 76]Cmd: ACTOR DELETE
[2018.02.20-00.22.30:488][ 76]LogEditorActor: Deleted Actor: SkyLight
[2018.02.20-00.22.31:071][ 76]LogEditorActor: Deleted 1 Actors (1.071 secs)
[2018.02.20-00.22.37:548][741]LogEditorViewport: Clicking on Actor (LMB): DirectionalLight (Light Source)
[2018.02.20-00.22.39:703][901]Cmd: DELETE
[2018.02.20-00.22.39:703][901]Cmd: ACTOR DELETE
[2018.02.20-00.22.39:705][901]LogEditorActor: Actor Light Source is referenced by BP_Sky_Sphere.
[2018.02.20-00.22.46:351][901]LogEditorActor: Deleted 0 Actors (6.647 secs)
[2018.02.20-00.22.57:067][878]LogEditorViewport: Clicking on Actor (LMB): StaticMeshActor (Floor)
[2018.02.20-00.23.01:065][240]Cmd: TRANSACTION UNDO
[2018.02.20-00.23.01:065][240]LogEditorTransaction: Undo Clicking on Actors
[2018.02.20-00.23.02:879][386]Cmd: TRANSACTION UNDO
[2018.02.20-00.23.02:879][386]LogEditorTransaction: Undo Delete Actors
[2018.02.20-00.23.04:533][538]Cmd: TRANSACTION UNDO
[2018.02.20-00.23.04:534][538]LogEditorTransaction: Undo Clicking on Actors
[2018.02.20-00.23.06:328][721]Cmd: TRANSACTION UNDO
[2018.02.20-00.23.06:328][721]LogEditorTransaction: Undo Delete Actors
[2018.02.20-00.23.22:671][211]LogEditorViewport: Clicking on Actor (LMB): PipeSplineMesh_C (PipeSplineMesh2)
[2018.02.20-00.23.23:878][317]LogEditorViewport: Clicking on Actor (LMB): PipeSplineMesh_C (PipeSplineMesh3)
[2018.02.20-00.23.25:076][424]LogEditorViewport: Clicking on Actor (LMB): PipeSplineMesh_C (PipeSplineMesh)
[2018.02.20-00.23.25:814][489]LogEditorViewport: Clicking on Actor (LMB): StaticMeshActor (Cube5)
[2018.02.20-00.23.27:344][625]LogEditorViewport: Clicking on Actor (LMB): PipeSplineMesh_C (PipeSplineMesh4)
[2018.02.20-00.24.12:493][648]LogEditorViewport: Clicking on Actor (LMB): PipeSplineMesh_C (PipeSplineMesh4)
[2018.02.20-00.24.21:743][488]LogEditorViewport: Clicking on Actor (LMB): BP_Sky_Sphere_C (BP_Sky_Sphere)
[2018.02.20-00.24.23:464][636]LogEditorViewport: Clicking on Actor (LMB): PipeSplineMesh_C (PipeSplineMesh3)
[2018.02.20-00.24.42:276][347]LogEditorViewport: Clicking on Actor (LMB): BP_Sky_Sphere_C (BP_Sky_Sphere)
[2018.02.20-00.24.42:879][400]LogEditorViewport: Clicking on Actor (LMB): PipeSplineMesh_C (PipeSplineMesh)
[2018.02.20-00.24.43:497][454]LogEditorViewport: Clicking on Actor (LMB): PipeSplineMesh_C (PipeSplineMesh3)
[2018.02.20-00.24.47:723][830]LogEditorViewport: Clicking on Actor (LMB): BP_Sky_Sphere_C (BP_Sky_Sphere)
[2018.02.20-00.24.50:670][ 98]LogEditorViewport: Clicking on Actor (LMB): PipeSplineMesh_C (PipeSplineMesh)
[2018.02.20-00.25.01:192][ 61]LogEditorViewport: Clicking on Actor (LMB): BP_Sky_Sphere_C (BP_Sky_Sphere)
[2018.02.20-00.25.02:127][143]LogEditorViewport: Clicking on Actor (LMB): PipeSplineMesh_C (PipeSplineMesh)
[2018.02.20-00.25.08:862][767]LogEditorViewport: Clicking on Actor (LMB): BP_Sky_Sphere_C (BP_Sky_Sphere)
[2018.02.20-00.25.12:939][139]LogEditorViewport: Clicking on Actor (LMB): PipeSplineMesh_C (PipeSplineMesh4)
[2018.02.20-00.25.17:634][572]LogEditorViewport: Clicking on Actor (LMB): BP_Sky_Sphere_C (BP_Sky_Sphere)
[2018.02.20-00.25.27:787][514]LogEditorViewport: Clicking on Actor (LMB): PipeSplineMesh_C (PipeSplineMesh3)
[2018.02.20-00.25.29:725][692]LogEditorViewport: Clicking on Actor (LMB): BP_Sky_Sphere_C (BP_Sky_Sphere)
[2018.02.20-00.25.31:159][806]LogEditorViewport: Clicking on Actor (LMB): PipeSplineMesh_C (PipeSplineMesh3)
[2018.02.20-00.25.31:953][876]LogEditorViewport: Clicking on Actor (context menu): PipeSplineMesh_C (PipeSplineMesh3)
[2018.02.20-00.25.43:282][706]LogEditorViewport: Clicking on Actor (LMB): BP_Sky_Sphere_C (BP_Sky_Sphere)
[2018.02.20-00.25.43:877][754]LogEditorViewport: Clicking on Actor (LMB): StaticMeshActor (Cube4)
[2018.02.20-00.25.56:737][599]LogSavePackage: Save=3000.41ms
[2018.02.20-00.25.56:737][599]LogSavePackage: Moving '../../../../../../Users/monic/OneDrive/Documents/Unreal Projects/ADVR/Saved/Minimal_Default28A56A3D46B02240C29C828E6075524C.tmp' to '../../../../../../Users/monic/OneDrive/Documents/Unreal Projects/ADVR/Content/StarterContent/Maps/Minimal_Default.umap'
[2018.02.20-00.25.56:795][599]LogSavePackage: Display: Finished SavePackage ../../../../../../Users/monic/OneDrive/Documents/Unreal Projects/ADVR/Content/StarterContent/Maps/Minimal_Default.umap
[2018.02.20-00.25.57:098][599]LogSavePackage: Save=119.45ms
[2018.02.20-00.25.57:099][599]LogSavePackage: Moving '../../../../../../Users/monic/OneDrive/Documents/Unreal Projects/ADVR/Saved/Minimal_Default_BuiltData3989522448F6C002439F618895121453.tmp' to '../../../../../../Users/monic/OneDrive/Documents/Unreal Projects/ADVR/Content/StarterContent/Maps/Minimal_Default_BuiltData.uasset'
[2018.02.20-00.25.57:102][599]LogSavePackage: Display: Finished SavePackage ../../../../../../Users/monic/OneDrive/Documents/Unreal Projects/ADVR/Content/StarterContent/Maps/Minimal_Default_BuiltData.uasset
